<?xml version="1.0" encoding="UTF-8"?>
<!-- Generated by org.testng.reporters.JUnitReportReporter -->
<testsuite hostname="LAPTOP-U93KTHPP" failures="0" tests="1" name="testNGClasses.VerifyLoginPage" time="37.278" errors="0" timestamp="2021-10-27T21:39:17 IST" skipped="0">
  <testcase classname="testNGClasses.VerifyLoginPage" name="verifyLoginPage" time="37.278"/>
  <system-out/>
</testsuite> <!-- testNGClasses.VerifyLoginPage -->
